Initialized the StateMachine
STARTED! :)
STARTING THE TIMER!
NS --> IP
LIMITING TEXT: 0 vs 50
POST-ing to http://192.168.1.10:8001/debug ...
Sucessfully processed Debug Response!
DEBUG MODE ACTIVATED
UPDATING THE SM!
	 10.0 seconds left in ROUND 1/2
UPDATING THE SM!
	 9.5 seconds left in ROUND 1/2
UPDATING THE SM!
	 9.0 seconds left in ROUND 1/2
UPDATING THE SM!
	 8.5 seconds left in ROUND 1/2
UPDATING THE SM!
	 8.0 seconds left in ROUND 1/2
UPDATING THE SM!
	 7.5 seconds left in ROUND 1/2
UPDATING THE SM!
	 7.0 seconds left in ROUND 1/2
UPDATING THE SM!
	 6.5 seconds left in ROUND 1/2
UPDATING THE SM!
	 6.0 seconds left in ROUND 1/2
UPDATING THE SM!
	 5.5 seconds left in ROUND 1/2
UPDATING THE SM!
	 5.0 seconds left in ROUND 1/2
UPDATING THE SM!
	 4.5 seconds left in ROUND 1/2
UPDATING THE SM!
	 4.0 seconds left in ROUND 1/2
UPDATING THE SM!
	 3.5 seconds left in ROUND 1/2
UPDATING THE SM!
	 3.0 seconds left in ROUND 1/2
UPDATING THE SM!
	 2.5 seconds left in ROUND 1/2
UPDATING THE SM!
	 2.0 seconds left in ROUND 1/2
UPDATING THE SM!
	 1.5 seconds left in ROUND 1/2
UPDATING THE SM!
	 1.0 seconds left in ROUND 1/2
UPDATING THE SM!
	 0.5 seconds left in ROUND 1/2
	ROUND 1/2 HAS ENDED
[initialPrompt] UPLOADING aaaaaaaaaaaaaaaaadebcehdbcuhdebcuwebcuedbchuebcherbhebvhierbviernvieurnvierfnveribviernvijernviuoernviernivnervjerihvbeirhbvierbvier ...
[initialPrompt] DOWNLOADED  ...
SWITCHING ROUNDS: 0 --> 1
IP --> DFP w/  / 
UPLOADING ROUND 2 CONTENT "aaaaaaaaaaaaaaaaadebcehdbcuhdebcuwebcuedbchuebcherbhebvhierbviernvieurnvierfnveribviernvijernviuoernviernivnervjerihvbeirhbvierbvier" to Game happy-hippo ...
DOWNLOADING ROUND 2 CONTENT from Game happy-hippo ...
POST-ing to http://192.168.1.10:8001/upload-content ...
POST-ing to http://192.168.1.10:8001/download-content ...
Failed to decode DownloadContentResponse
Sucessfully posted UploadContent
The operation couldn’t be completed. (DUDL.HTTPError error 2.)
UPDATING THE SM!
	 10.0 seconds left in ROUND 2/2
UPDATING THE SM!
	 9.5 seconds left in ROUND 2/2
UPDATING THE SM!
	 9.0 seconds left in ROUND 2/2
UPDATING THE SM!
	 8.5 seconds left in ROUND 2/2
UPDATING THE SM!
	 8.0 seconds left in ROUND 2/2
UPDATING THE SM!
	 7.5 seconds left in ROUND 2/2
UPDATING THE SM!
	 7.0 seconds left in ROUND 2/2
UPDATING THE SM!
	 6.5 seconds left in ROUND 2/2
UPDATING THE SM!
	 6.0 seconds left in ROUND 2/2
UPDATING THE SM!
	 5.5 seconds left in ROUND 2/2
d3Jk8AEACAASEAAAAAAAAAAAAAAAAAAAAAASEHDQjiHmUkBcrt0vLzX8L3QaBggAEAAYABoGCAEQARgBIisKFA0AAIA/FQAAgD8dAACAPyUAAIA/EhFjb20uYXBwbGUuaW5rLnBlbhgDKv8DChC1GEi1c6VI+I4YCPzzDia5EgYIABABGAEaBggAEAEYACAAKrsDChBLxRDy0qFJa4O6AfyZ7wULEY1DeSTN+MVBGBggByj4BzIQ6AMAAAAAAAAAAP9/AACAPzqAAwAABEMAAFhDAAAAAJ3jXkAAAARDVdVVQ7Jboj2MHWdAAAAEQ6sqT0NJQMM9wwicQAAABEOrKjpDDYDjPRqwq0Cr/gNDrCoWQwdBBT6nubFAh7IDQ9FV7EJEdxQ+8Ea9QM4/BUMSIsFCOFYlPrDgwUCSJg1DFhWnQj3vPj4G489Aq6oeQwAAnkJnTkQ+w7PSQFVVO0MAAK5C8PpUPumw20BVVV1DAAD2QgGwZT5PmuJAAAB3Q1VVO0P9qXY+RYHnQAAAgEMAAHdDPJaDPtB/50Crqn1DVdWRQwIIjD4GkuZAGrttQ1DspENoM5E+BSHjQAAASUMAgK9DvMycPqZB1kAAAB5DAICxQ0AWpT4UcM5AVVX3QgAArkOFw60+iLjBQKDzx0JC06dDgES7Pumd0ECrqqpCq2qgQ5Eixj45adZA0myrQknWl0PDgso+FwrZQIg11kJxto5DAILSPsKj30AAABVDqyqDQ10r0z7KUuBAVVVPQ6uqakN059s+0XDqQEABSBYyFA0AAKJCFQAAmEIdAAAzQyUAAI1DQMCr/dnGBjoGCAAQABgAQhBSssZesthDJ7yj7bDp8Ow8
UPDATING THE SM!
	 5.0 seconds left in ROUND 2/2
UPDATING THE SM!
	 4.5 seconds left in ROUND 2/2
UPDATING THE SM!
	 4.0 seconds left in ROUND 2/2
UPDATING THE SM!
	 3.5 seconds left in ROUND 2/2
UPDATING THE SM!
	 3.0 seconds left in ROUND 2/2
UPDATING THE SM!
	 2.5 seconds left in ROUND 2/2
UPDATING THE SM!
	 2.0 seconds left in ROUND 2/2
UPDATING THE SM!
	 1.5 seconds left in ROUND 2/2
UPDATING THE SM!
	 1.0 seconds left in ROUND 2/2
UPDATING THE SM!
	 0.5 seconds left in ROUND 2/2
	ROUND 2/2 HAS ENDED
[drawFromPrompt] UPLOADING d3Jk8AEACAASEAAAAAAAAAAAAAAAAAAAAAASEHDQjiHmUkBcrt0vLzX8L3QaBggAEAAYABoGCAEQARgBIisKFA0AAIA/FQAAgD8dAACAPyUAAIA/EhFjb20uYXBwbGUuaW5rLnBlbhgDKv8DChC1GEi1c6VI+I4YCPzzDia5EgYIABABGAEaBggAEAEYACAAKrsDChBLxRDy0qFJa4O6AfyZ7wULEY1DeSTN+MVBGBggByj4BzIQ6AMAAAAAAAAAAP9/AACAPzqAAwAABEMAAFhDAAAAAJ3jXkAAAARDVdVVQ7Jboj2MHWdAAAAEQ6sqT0NJQMM9wwicQAAABEOrKjpDDYDjPRqwq0Cr/gNDrCoWQwdBBT6nubFAh7IDQ9FV7EJEdxQ+8Ea9QM4/BUMSIsFCOFYlPrDgwUCSJg1DFhWnQj3vPj4G489Aq6oeQwAAnkJnTkQ+w7PSQFVVO0MAAK5C8PpUPumw20BVVV1DAAD2QgGwZT5PmuJAAAB3Q1VVO0P9qXY+RYHnQAAAgEMAAHdDPJaDPtB/50Crqn1DVdWRQwIIjD4GkuZAGrttQ1DspENoM5E+BSHjQAAASUMAgK9DvMycPqZB1kAAAB5DAICxQ0AWpT4UcM5AVVX3QgAArkOFw60+iLjBQKDzx0JC06dDgES7Pumd0ECrqqpCq2qgQ5Eixj45adZA0myrQknWl0PDgso+FwrZQIg11kJxto5DAILSPsKj30AAABVDqyqDQ10r0z7KUuBAVVVPQ6uqakN059s+0XDqQEABSBYyFA0AAKJCFQAAmEIdAAAzQyUAAI1DQMCr/dnGBjoGCAAQABgAQhBSssZesthDJ7yj7bDp8Ow8 ...
STOPPING THE TIMER!
The happy-hippo Game is complete
UPLOADING ROUND 2 CONTENT "d3Jk8AEACAASEAAAAAAAAAAAAAAAAAAAAAASEHDQjiHmUkBcrt0vLzX8L3QaBggAEAAYABoGCAEQARgBIisKFA0AAIA/FQAAgD8dAACAPyUAAIA/EhFjb20uYXBwbGUuaW5rLnBlbhgDKv8DChC1GEi1c6VI+I4YCPzzDia5EgYIABABGAEaBggAEAEYACAAKrsDChBLxRDy0qFJa4O6AfyZ7wULEY1DeSTN+MVBGBggByj4BzIQ6AMAAAAAAAAAAP9/AACAPzqAAwAABEMAAFhDAAAAAJ3jXkAAAARDVdVVQ7Jboj2MHWdAAAAEQ6sqT0NJQMM9wwicQAAABEOrKjpDDYDjPRqwq0Cr/gNDrCoWQwdBBT6nubFAh7IDQ9FV7EJEdxQ+8Ea9QM4/BUMSIsFCOFYlPrDgwUCSJg1DFhWnQj3vPj4G489Aq6oeQwAAnkJnTkQ+w7PSQFVVO0MAAK5C8PpUPumw20BVVV1DAAD2QgGwZT5PmuJAAAB3Q1VVO0P9qXY+RYHnQAAAgEMAAHdDPJaDPtB/50Crqn1DVdWRQwIIjD4GkuZAGrttQ1DspENoM5E+BSHjQAAASUMAgK9DvMycPqZB1kAAAB5DAICxQ0AWpT4UcM5AVVX3QgAArkOFw60+iLjBQKDzx0JC06dDgES7Pumd0ECrqqpCq2qgQ5Eixj45adZA0myrQknWl0PDgso+FwrZQIg11kJxto5DAILSPsKj30AAABVDqyqDQ10r0z7KUuBAVVVPQ6uqakN059s+0XDqQEABSBYyFA0AAKJCFQAAmEIdAAAzQyUAAI1DQMCr/dnGBjoGCAAQABgAQhBSssZesthDJ7yj7bDp8Ow8" to Game happy-hippo ...
POST-ing to http://192.168.1.10:8001/upload-content ...
Sucessfully posted UploadContent